<?xml version="1.0" encoding="UTF-8"?>
<!-- Generated by org.testng.reporters.JUnitReportReporter -->
<testsuite hostname="LTIN190829" failures="0" tests="1" name="testcases.TC_04_Signin" time="48.763" errors="0" timestamp="2024-02-29T13:42:07 IST" skipped="0">
  <testcase classname="testcases.TC_04_Signin" name="signin" time="48.763"/>
</testsuite> <!-- testcases.TC_04_Signin -->
