<?xml version="1.0" encoding="UTF-8"?>
<!-- Generated by org.testng.reporters.JUnitReportReporter -->
<testsuite hostname="LTIN190829" failures="0" tests="4" name="testcases.TC_01_Newbikesmain" time="58.065" errors="0" timestamp="2024-02-27T17:23:38 IST" skipped="0">
  <testcase classname="testcases.TC_01_Newbikesmain" name="hoverelement" time="1.803"/>
  <testcase classname="testcases.TC_01_Newbikesmain" name="upcomingbike" time="4.330"/>
  <testcase classname="testcases.TC_01_Newbikesmain" name="hoverelements" time="44.949"/>
  <testcase classname="testcases.TC_01_Newbikesmain" name="signin" time="6.983"/>
</testsuite> <!-- testcases.TC_01_Newbikesmain -->
