<?xml version="1.0" encoding="UTF-8"?>
<!-- Generated by org.testng.reporters.JUnitReportReporter -->
<testsuite hostname="LTIN190829" failures="0" tests="1" name="testcases.TC_02_Upcomingbikes" time="9.845" errors="0" timestamp="2024-02-29T13:42:07 IST" skipped="0">
  <testcase classname="testcases.TC_02_Upcomingbikes" name="upcomingbike" time="9.845"/>
</testsuite> <!-- testcases.TC_02_Upcomingbikes -->
