<?xml version="1.0" encoding="UTF-8"?>
<!-- Generated by org.testng.reporters.JUnitReportReporter -->
<testsuite hostname="LTIN190829" failures="0" tests="1" name="testcases.TC_01_Hoverelement" time="35.506" errors="0" timestamp="2024-02-29T13:42:07 IST" skipped="0">
  <testcase classname="testcases.TC_01_Hoverelement" name="hoverelement" time="35.506"/>
</testsuite> <!-- testcases.TC_01_Hoverelement -->
