<?xml version="1.0" encoding="UTF-8"?>
<!-- Generated by org.testng.reporters.JUnitReportReporter -->
<testsuite hostname="LTIN190829" failures="0" tests="4" name="testcases.TC_01_NewBikes" time="39.402" errors="0" timestamp="2024-02-27T15:10:34 IST" skipped="0">
  <testcase classname="testcases.TC_01_NewBikes" name="hoverelement" time="4.060"/>
  <testcase classname="testcases.TC_01_NewBikes" name="upcomingbike" time="6.693"/>
  <testcase classname="testcases.TC_01_NewBikes" name="hoverelements" time="13.438"/>
  <testcase classname="testcases.TC_01_NewBikes" name="signin" time="15.211"/>
</testsuite> <!-- testcases.TC_01_NewBikes -->
