<?xml version="1.0" encoding="UTF-8"?>
<!-- Generated by org.testng.reporters.JUnitReportReporter -->
<testsuite hostname="LTIN190829" failures="0" tests="1" name="testcases.TC_03_Usedcars" time="18.074" errors="0" timestamp="2024-02-29T14:04:39 IST" skipped="0">
  <testcase classname="testcases.TC_03_Usedcars" name="hoverelements" time="18.074"/>
</testsuite> <!-- testcases.TC_03_Usedcars -->
